app/build/intermediates/manifest_merge_blame_file/release/manifest-merger-blame-release-report.txt
1<?xml version="1.0" encoding="utf-8"?>
2<manifest xmlns:android="http://schemas.android.com/apk/res/android"
3    package="com.example.bookapplication"
4    android:versionCode="1"
5    android:versionName="1.0" >
6
7    <uses-sdk
7-->src\main\AndroidManifest.xml:33:5-56
8        android:minSdkVersion="16"
8-->src\main\AndroidManifest.xml:33:5-56
9        android:targetSdkVersion="30" />
9-->src\main\AndroidManifest.xml:33:5-56
10
11    <uses-permission android:name="android.permission.INTERNET" />
11-->src\main\AndroidManifest.xml:6:5-67
11-->src\main\AndroidManifest.xml:6:22-64
12    <uses-permission android:name="android.permission.WRITE_EXTERNAL_STORAGE" />
12-->[com.folioreader:folioreader:0.5.4] AndroidManifest.xml:13:5-81
12-->[com.folioreader:folioreader:0.5.4] AndroidManifest.xml:13:22-78
13    <uses-permission android:name="android.permission.READ_EXTERNAL_STORAGE" />
14
15    <application
15-->src\main\AndroidManifest.xml:7:5-32:19
16        android:name="androidx.multidex.MultiDexApplication"
17        android:allowBackup="true"
17-->src\main\AndroidManifest.xml:9:9-35
18        android:appComponentFactory="androidx.core.app.CoreComponentFactory"
18-->[androidx.core:core:1.3.1] AndroidManifest.xml:24:18-86
19        android:icon="@mipmap/ic_launcher"
19-->src\main\AndroidManifest.xml:10:9-43
20        android:label="@string/app_name"
20-->src\main\AndroidManifest.xml:11:9-41
21        android:networkSecurityConfig="@xml/network_security_config"
21-->[com.folioreader:folioreader:0.5.4] AndroidManifest.xml:18:9-69
22        android:requestLegacyExternalStorage="true"
22-->src\main\AndroidManifest.xml:12:9-52
23        android:roundIcon="@mipmap/ic_launcher_round"
23-->src\main\AndroidManifest.xml:13:9-54
24        android:supportsRtl="true"
24-->src\main\AndroidManifest.xml:14:9-35
25        android:theme="@style/Theme.BookApplication" >
25-->src\main\AndroidManifest.xml:15:9-53
26        <activity android:name="com.example.bookapplication.GotoEpubFile" />
26-->src\main\AndroidManifest.xml:16:9-59
26-->src\main\AndroidManifest.xml:16:19-47
27        <activity android:name="com.example.bookapplication.SkyepubBook" />
27-->src\main\AndroidManifest.xml:17:9-49
27-->src\main\AndroidManifest.xml:17:19-46
28        <activity android:name="com.example.bookapplication.PageActivity" />
28-->src\main\AndroidManifest.xml:18:9-50
28-->src\main\AndroidManifest.xml:18:19-47
29        <activity android:name="com.example.bookapplication.ActivityActivity" />
29-->src\main\AndroidManifest.xml:19:9-54
29-->src\main\AndroidManifest.xml:19:19-51
30        <activity android:name="com.example.bookapplication.MainActivity" >
30-->src\main\AndroidManifest.xml:20:9-26:20
30-->src\main\AndroidManifest.xml:20:19-47
31            <intent-filter>
31-->src\main\AndroidManifest.xml:21:13-25:29
32                <action android:name="android.intent.action.MAIN" />
32-->src\main\AndroidManifest.xml:22:17-69
32-->src\main\AndroidManifest.xml:22:25-66
33
34                <category android:name="android.intent.category.LAUNCHER" />
34-->src\main\AndroidManifest.xml:24:17-77
34-->src\main\AndroidManifest.xml:24:27-74
35            </intent-filter>
36        </activity>
37
38        <uses-library
38-->src\main\AndroidManifest.xml:28:9-30:40
39            android:name="org.apache.http.legacy"
39-->src\main\AndroidManifest.xml:29:13-50
40            android:required="false" />
40-->src\main\AndroidManifest.xml:30:13-37
41
42        <provider
42-->[com.folioreader:folioreader:0.5.4] AndroidManifest.xml:20:9-23:40
43            android:name="com.folioreader.AppContext"
43-->[com.folioreader:folioreader:0.5.4] AndroidManifest.xml:21:13-54
44            android:authorities="com.example.bookapplication.provider.appcontext"
44-->[com.folioreader:folioreader:0.5.4] AndroidManifest.xml:22:13-71
45            android:exported="false" />
45-->[com.folioreader:folioreader:0.5.4] AndroidManifest.xml:23:13-37
46
47        <activity
47-->[com.folioreader:folioreader:0.5.4] AndroidManifest.xml:25:9-28:60
48            android:name="com.folioreader.ui.activity.FolioActivity"
48-->[com.folioreader:folioreader:0.5.4] AndroidManifest.xml:26:13-69
49            android:label="@string/app_name"
49-->[com.folioreader:folioreader:0.5.4] AndroidManifest.xml:27:13-45
50            android:theme="@style/FolioActivityDayTheme" />
50-->[com.folioreader:folioreader:0.5.4] AndroidManifest.xml:28:13-57
51        <activity
51-->[com.folioreader:folioreader:0.5.4] AndroidManifest.xml:29:9-31:59
52            android:name="com.folioreader.ui.activity.ContentHighlightActivity"
52-->[com.folioreader:folioreader:0.5.4] AndroidManifest.xml:30:13-80
53            android:theme="@style/AppTheme.NoActionBar" />
53-->[com.folioreader:folioreader:0.5.4] AndroidManifest.xml:31:13-56
54        <activity
54-->[com.folioreader:folioreader:0.5.4] AndroidManifest.xml:32:9-42:20
55            android:name="com.folioreader.ui.activity.SearchActivity"
55-->[com.folioreader:folioreader:0.5.4] AndroidManifest.xml:33:13-70
56            android:launchMode="singleTop" >
56-->[com.folioreader:folioreader:0.5.4] AndroidManifest.xml:34:13-43
57            <intent-filter>
57-->[com.folioreader:folioreader:0.5.4] AndroidManifest.xml:35:13-37:29
58                <action android:name="android.intent.action.SEARCH" />
58-->[com.folioreader:folioreader:0.5.4] AndroidManifest.xml:36:17-71
58-->[com.folioreader:folioreader:0.5.4] AndroidManifest.xml:36:25-68
59            </intent-filter>
60
61            <meta-data
61-->[com.folioreader:folioreader:0.5.4] AndroidManifest.xml:39:13-41:54
62                android:name="android.app.searchable"
62-->[com.folioreader:folioreader:0.5.4] AndroidManifest.xml:40:17-54
63                android:resource="@xml/searchable" />
63-->[com.folioreader:folioreader:0.5.4] AndroidManifest.xml:41:17-51
64        </activity>
65
66        <provider
66-->[com.github.codetoart:r2-streamer-kotlin:1.0.4-2] AndroidManifest.xml:22:9-25:40
67            android:name="org.readium.r2.streamer.ClientAppContext"
67-->[com.github.codetoart:r2-streamer-kotlin:1.0.4-2] AndroidManifest.xml:23:13-68
68            android:authorities="com.example.bookapplication.provider.clientappcontext"
68-->[com.github.codetoart:r2-streamer-kotlin:1.0.4-2] AndroidManifest.xml:24:13-77
69            android:exported="false" />
69-->[com.github.codetoart:r2-streamer-kotlin:1.0.4-2] AndroidManifest.xml:25:13-37
70        <provider
70-->[androidx.lifecycle:lifecycle-process:2.0.0] AndroidManifest.xml:23:9-27:43
71            android:name="androidx.lifecycle.ProcessLifecycleOwnerInitializer"
71-->[androidx.lifecycle:lifecycle-process:2.0.0] AndroidManifest.xml:24:13-79
72            android:authorities="com.example.bookapplication.lifecycle-process"
72-->[androidx.lifecycle:lifecycle-process:2.0.0] AndroidManifest.xml:25:13-69
73            android:exported="false"
73-->[androidx.lifecycle:lifecycle-process:2.0.0] AndroidManifest.xml:26:13-37
74            android:multiprocess="true" />
74-->[androidx.lifecycle:lifecycle-process:2.0.0] AndroidManifest.xml:27:13-40
75    </application>
76
77</manifest>